<?xml version="1.0" encoding="UTF-8"?>
<!-- Generated by org.testng.reporters.JUnitReportReporter -->
<testsuite skipped="0" hostname="arvind-PC" name="Academy.ValidateNavigationBar" tests="1" failures="0" timestamp="24 Jan 2020 16:11:07 GMT" time="0.385" errors="0">
  <testcase name="basePageNavigation" time="0.385" classname="Academy.ValidateNavigationBar"/>
</testsuite> <!-- Academy.ValidateNavigationBar -->
