<?xml version="1.0" encoding="UTF-8"?>
<!-- Generated by org.testng.reporters.JUnitReportReporter -->
<testsuite skipped="0" hostname="arvind-PC" name="Academy.HomePage" tests="2" failures="0" timestamp="24 Jan 2020 16:11:07 GMT" time="50.828" errors="0">
  <testcase name="basePageNavigation" time="20.649" classname="Academy.HomePage"/>
  <testcase name="basePageNavigation" time="30.179" classname="Academy.HomePage"/>
</testsuite> <!-- Academy.HomePage -->
